<?xml version="1.0" encoding="UTF-8"?>
<coverage generated="1776554351292" clover="3.2.0">
  <project timestamp="1776554351292" name="All files">
    <metrics statements="157" coveredstatements="157" conditionals="105" coveredconditionals="93" methods="45" coveredmethods="45" elements="307" coveredelements="295" complexity="0" loc="157" ncloc="157" packages="1" files="1" classes="1"/>
    <file name="script.js" path="D:\IDEA\Projekt\ladeKompass_lp\script.js">
      <metrics statements="157" coveredstatements="157" conditionals="105" coveredconditionals="93" methods="45" coveredmethods="45"/>
      <line num="6" count="65" type="stmt"/>
      <line num="9" count="721" type="cond" truecount="2" falsecount="0"/>
      <line num="10" count="416" type="cond" truecount="2" falsecount="0"/>
      <line num="13" count="65" type="stmt"/>
      <line num="16" count="65" type="stmt"/>
      <line num="17" count="65" type="stmt"/>
      <line num="18" count="65" type="cond" truecount="4" falsecount="0"/>
      <line num="21" count="11" type="stmt"/>
      <line num="24" count="11" type="stmt"/>
      <line num="25" count="11" type="stmt"/>
      <line num="28" count="11" type="stmt"/>
      <line num="29" count="12" type="cond" truecount="2" falsecount="0"/>
      <line num="30" count="12" type="cond" truecount="1" falsecount="1"/>
      <line num="32" count="12" type="cond" truecount="2" falsecount="0"/>
      <line num="33" count="11" type="stmt"/>
      <line num="36" count="1" type="stmt"/>
      <line num="37" count="1" type="stmt"/>
      <line num="38" count="2" type="cond" truecount="4" falsecount="0"/>
      <line num="39" count="1" type="stmt"/>
      <line num="47" count="11" type="stmt"/>
      <line num="48" count="11" type="cond" truecount="2" falsecount="0"/>
      <line num="52" count="11" type="stmt"/>
      <line num="55" count="64" type="stmt"/>
      <line num="56" count="64" type="stmt"/>
      <line num="61" count="65" type="stmt"/>
      <line num="62" count="65" type="cond" truecount="2" falsecount="0"/>
      <line num="64" count="64" type="stmt"/>
      <line num="65" count="64" type="stmt"/>
      <line num="68" count="68" type="stmt"/>
      <line num="69" count="204" type="stmt"/>
      <line num="73" count="64" type="stmt"/>
      <line num="75" count="64" type="stmt"/>
      <line num="76" count="4" type="stmt"/>
      <line num="77" count="4" type="stmt"/>
      <line num="83" count="65" type="stmt"/>
      <line num="84" count="65" type="stmt"/>
      <line num="85" count="65" type="cond" truecount="2" falsecount="0"/>
      <line num="87" count="64" type="stmt"/>
      <line num="88" count="129" type="stmt"/>
      <line num="89" count="4" type="stmt"/>
      <line num="91" count="9" type="stmt"/>
      <line num="92" count="8" type="stmt"/>
      <line num="94" count="4" type="stmt"/>
      <line num="95" count="4" type="stmt"/>
      <line num="96" count="4" type="cond" truecount="2" falsecount="0"/>
      <line num="103" count="65" type="stmt"/>
      <line num="104" count="65" type="stmt"/>
      <line num="105" count="65" type="stmt"/>
      <line num="106" count="65" type="stmt"/>
      <line num="107" count="65" type="stmt"/>
      <line num="108" count="65" type="stmt"/>
      <line num="110" count="65" type="cond" truecount="4" falsecount="0"/>
      <line num="113" count="73" type="stmt"/>
      <line num="114" count="73" type="stmt"/>
      <line num="116" count="73" type="stmt"/>
      <line num="117" count="73" type="stmt"/>
      <line num="124" count="73" type="stmt"/>
      <line num="125" count="73" type="stmt"/>
      <line num="131" count="73" type="cond" truecount="2" falsecount="0"/>
      <line num="136" count="73" type="stmt"/>
      <line num="137" count="73" type="stmt"/>
      <line num="140" count="73" type="stmt"/>
      <line num="141" count="73" type="stmt"/>
      <line num="142" count="73" type="stmt"/>
      <line num="143" count="2" type="stmt"/>
      <line num="147" count="64" type="stmt"/>
      <line num="148" count="64" type="stmt"/>
      <line num="149" count="64" type="stmt"/>
      <line num="154" count="65" type="stmt"/>
      <line num="155" count="65" type="cond" truecount="2" falsecount="0"/>
      <line num="157" count="64" type="stmt"/>
      <line num="158" count="64" type="stmt"/>
      <line num="159" count="57" type="cond" truecount="2" falsecount="0"/>
      <line num="160" count="29" type="stmt"/>
      <line num="161" count="29" type="cond" truecount="2" falsecount="0"/>
      <line num="162" count="28" type="stmt"/>
      <line num="164" count="1" type="stmt"/>
      <line num="166" count="29" type="stmt"/>
      <line num="168" count="29" type="stmt"/>
      <line num="175" count="65" type="stmt"/>
      <line num="176" count="65" type="cond" truecount="2" falsecount="0"/>
      <line num="177" count="64" type="cond" truecount="2" falsecount="0"/>
      <line num="179" count="2" type="stmt"/>
      <line num="180" count="2" type="stmt"/>
      <line num="181" count="2" type="cond" truecount="2" falsecount="0"/>
      <line num="182" count="1" type="stmt"/>
      <line num="187" count="4" type="stmt"/>
      <line num="192" count="65" type="stmt"/>
      <line num="193" count="129" type="stmt"/>
      <line num="194" count="3" type="stmt"/>
      <line num="195" count="3" type="cond" truecount="2" falsecount="0"/>
      <line num="196" count="2" type="stmt"/>
      <line num="197" count="2" type="stmt"/>
      <line num="198" count="2" type="cond" truecount="2" falsecount="0"/>
      <line num="199" count="1" type="stmt"/>
      <line num="207" count="65" type="stmt"/>
      <line num="208" count="128" type="stmt"/>
      <line num="209" count="128" type="cond" truecount="1" falsecount="1"/>
      <line num="210" count="128" type="stmt"/>
      <line num="211" count="4" type="stmt"/>
      <line num="213" count="8" type="stmt"/>
      <line num="215" count="4" type="cond" truecount="2" falsecount="0"/>
      <line num="222" count="65" type="stmt"/>
      <line num="223" count="65" type="stmt"/>
      <line num="224" count="65" type="cond" truecount="4" falsecount="0"/>
      <line num="226" count="64" type="stmt"/>
      <line num="227" count="9" type="stmt"/>
      <line num="228" count="9" type="stmt"/>
      <line num="233" count="23" type="stmt"/>
      <line num="235" count="65" type="stmt"/>
      <line num="236" count="8" type="stmt"/>
      <line num="237" count="8" type="cond" truecount="2" falsecount="0"/>
      <line num="238" count="7" type="stmt"/>
      <line num="239" count="7" type="stmt"/>
      <line num="241" count="7" type="stmt"/>
      <line num="242" count="1" type="cond" truecount="1" falsecount="1"/>
      <line num="243" count="1" type="stmt"/>
      <line num="244" count="1" type="stmt"/>
      <line num="248" count="7" type="stmt"/>
      <line num="249" count="6" type="cond" truecount="1" falsecount="1"/>
      <line num="250" count="6" type="stmt"/>
      <line num="251" count="6" type="stmt"/>
      <line num="256" count="65" type="stmt"/>
      <line num="257" count="15" type="stmt"/>
      <line num="258" count="15" type="cond" truecount="2" falsecount="0"/>
      <line num="259" count="14" type="stmt"/>
      <line num="260" count="14" type="stmt"/>
      <line num="261" count="14" type="stmt"/>
      <line num="262" count="14" type="cond" truecount="1" falsecount="1"/>
      <line num="265" count="65" type="stmt"/>
      <line num="266" count="5" type="stmt"/>
      <line num="267" count="5" type="cond" truecount="3" falsecount="1"/>
      <line num="268" count="5" type="cond" truecount="3" falsecount="1"/>
      <line num="269" count="5" type="cond" truecount="4" falsecount="0"/>
      <line num="270" count="5" type="cond" truecount="2" falsecount="2"/>
      <line num="271" count="5" type="cond" truecount="3" falsecount="1"/>
      <line num="272" count="5" type="stmt"/>
      <line num="275" count="5" type="cond" truecount="5" falsecount="0"/>
      <line num="276" count="1" type="cond" truecount="1" falsecount="1"/>
      <line num="277" count="1" type="stmt"/>
      <line num="279" count="4" type="cond" truecount="1" falsecount="1"/>
      <line num="281" count="4" type="stmt"/>
      <line num="284" count="4" type="stmt"/>
      <line num="295" count="4" type="stmt"/>
      <line num="296" count="4" type="stmt"/>
      <line num="301" count="65" type="stmt"/>
      <line num="302" count="65" type="stmt"/>
      <line num="303" count="65" type="stmt"/>
      <line num="304" count="65" type="stmt"/>
      <line num="305" count="65" type="stmt"/>
      <line num="306" count="65" type="stmt"/>
      <line num="307" count="65" type="stmt"/>
      <line num="308" count="65" type="stmt"/>
      <line num="309" count="65" type="stmt"/>
      <line num="314" count="65" type="cond" truecount="2" falsecount="0"/>
      <line num="315" count="64" type="stmt"/>
      <line num="317" count="1" type="stmt"/>
    </file>
  </project>
</coverage>
