{"D:\\IDEA\\Projekt\\ladeKompass_lp\\script.js": {"path":"D:\\IDEA\\Projekt\\ladeKompass_lp\\script.js","statementMap":{"0":{"start":{"line":6,"column":0},"end":{"line":320,"column":5}},"1":{"start":{"line":9,"column":10},"end":{"line":9,"column":78}},"2":{"start":{"line":9,"column":32},"end":{"line":9,"column":76}},"3":{"start":{"line":10,"column":11},"end":{"line":10,"column":110}},"4":{"start":{"line":10,"column":33},"end":{"line":10,"column":108}},"5":{"start":{"line":13,"column":20},"end":{"line":13,"column":24}},"6":{"start":{"line":16,"column":16},"end":{"line":16,"column":29}},"7":{"start":{"line":17,"column":16},"end":{"line":17,"column":29}},"8":{"start":{"line":18,"column":4},"end":{"line":18,"column":33}},"9":{"start":{"line":18,"column":26},"end":{"line":18,"column":33}},"10":{"start":{"line":21,"column":6},"end":{"line":21,"column":25}},"11":{"start":{"line":24,"column":6},"end":{"line":24,"column":59}},"12":{"start":{"line":25,"column":6},"end":{"line":25,"column":59}},"13":{"start":{"line":28,"column":6},"end":{"line":44,"column":9}},"14":{"start":{"line":29,"column":22},"end":{"line":29,"column":93}},"15":{"start":{"line":30,"column":8},"end":{"line":43,"column":9}},"16":{"start":{"line":32,"column":10},"end":{"line":42,"column":11}},"17":{"start":{"line":33,"column":12},"end":{"line":33,"column":37}},"18":{"start":{"line":36,"column":24},"end":{"line":36,"column":65}},"19":{"start":{"line":37,"column":12},"end":{"line":41,"column":15}},"20":{"start":{"line":38,"column":14},"end":{"line":40,"column":15}},"21":{"start":{"line":39,"column":16},"end":{"line":39,"column":55}},"22":{"start":{"line":47,"column":6},"end":{"line":49,"column":9}},"23":{"start":{"line":48,"column":8},"end":{"line":48,"column":103}},"24":{"start":{"line":52,"column":6},"end":{"line":52,"column":43}},"25":{"start":{"line":55,"column":4},"end":{"line":55,"column":68}},"26":{"start":{"line":55,"column":50},"end":{"line":55,"column":64}},"27":{"start":{"line":56,"column":4},"end":{"line":56,"column":68}},"28":{"start":{"line":56,"column":50},"end":{"line":56,"column":64}},"29":{"start":{"line":61,"column":18},"end":{"line":61,"column":35}},"30":{"start":{"line":62,"column":4},"end":{"line":62,"column":32}},"31":{"start":{"line":62,"column":25},"end":{"line":62,"column":32}},"32":{"start":{"line":64,"column":18},"end":{"line":64,"column":19}},"33":{"start":{"line":65,"column":19},"end":{"line":65,"column":23}},"34":{"start":{"line":68,"column":6},"end":{"line":70,"column":9}},"35":{"start":{"line":69,"column":8},"end":{"line":69,"column":48}},"36":{"start":{"line":73,"column":4},"end":{"line":73,"column":18}},"37":{"start":{"line":75,"column":4},"end":{"line":78,"column":17}},"38":{"start":{"line":76,"column":6},"end":{"line":76,"column":47}},"39":{"start":{"line":77,"column":6},"end":{"line":77,"column":26}},"40":{"start":{"line":83,"column":18},"end":{"line":83,"column":32}},"41":{"start":{"line":84,"column":20},"end":{"line":84,"column":36}},"42":{"start":{"line":85,"column":4},"end":{"line":85,"column":32}},"43":{"start":{"line":85,"column":25},"end":{"line":85,"column":32}},"44":{"start":{"line":87,"column":4},"end":{"line":98,"column":7}},"45":{"start":{"line":88,"column":6},"end":{"line":97,"column":9}},"46":{"start":{"line":89,"column":24},"end":{"line":89,"column":52}},"47":{"start":{"line":91,"column":8},"end":{"line":91,"column":72}},"48":{"start":{"line":91,"column":39},"end":{"line":91,"column":68}},"49":{"start":{"line":92,"column":8},"end":{"line":92,"column":74}},"50":{"start":{"line":92,"column":41},"end":{"line":92,"column":70}},"51":{"start":{"line":94,"column":8},"end":{"line":94,"column":36}},"52":{"start":{"line":95,"column":26},"end":{"line":95,"column":48}},"53":{"start":{"line":96,"column":8},"end":{"line":96,"column":61}},"54":{"start":{"line":96,"column":25},"end":{"line":96,"column":61}},"55":{"start":{"line":103,"column":21},"end":{"line":103,"column":42}},"56":{"start":{"line":104,"column":21},"end":{"line":104,"column":41}},"57":{"start":{"line":105,"column":21},"end":{"line":105,"column":47}},"58":{"start":{"line":106,"column":21},"end":{"line":106,"column":46}},"59":{"start":{"line":107,"column":21},"end":{"line":107,"column":40}},"60":{"start":{"line":108,"column":21},"end":{"line":108,"column":38}},"61":{"start":{"line":110,"column":4},"end":{"line":110,"column":41}},"62":{"start":{"line":110,"column":34},"end":{"line":110,"column":41}},"63":{"start":{"line":113,"column":25},"end":{"line":113,"column":54}},"64":{"start":{"line":114,"column":25},"end":{"line":114,"column":54}},"65":{"start":{"line":116,"column":6},"end":{"line":116,"column":42}},"66":{"start":{"line":117,"column":6},"end":{"line":117,"column":41}},"67":{"start":{"line":124,"column":24},"end":{"line":124,"column":26}},"68":{"start":{"line":125,"column":20},"end":{"line":125,"column":86}},"69":{"start":{"line":131,"column":19},"end":{"line":134,"column":20}},"70":{"start":{"line":136,"column":6},"end":{"line":136,"column":47}},"71":{"start":{"line":137,"column":6},"end":{"line":137,"column":55}},"72":{"start":{"line":140,"column":6},"end":{"line":140,"column":49}},"73":{"start":{"line":141,"column":6},"end":{"line":141,"column":53}},"74":{"start":{"line":142,"column":6},"end":{"line":144,"column":14}},"75":{"start":{"line":143,"column":8},"end":{"line":143,"column":48}},"76":{"start":{"line":147,"column":4},"end":{"line":147,"column":48}},"77":{"start":{"line":148,"column":4},"end":{"line":148,"column":48}},"78":{"start":{"line":149,"column":4},"end":{"line":149,"column":13}},"79":{"start":{"line":154,"column":14},"end":{"line":154,"column":23}},"80":{"start":{"line":155,"column":4},"end":{"line":155,"column":21}},"81":{"start":{"line":155,"column":14},"end":{"line":155,"column":21}},"82":{"start":{"line":157,"column":18},"end":{"line":157,"column":23}},"83":{"start":{"line":158,"column":4},"end":{"line":170,"column":7}},"84":{"start":{"line":159,"column":6},"end":{"line":169,"column":7}},"85":{"start":{"line":160,"column":8},"end":{"line":167,"column":11}},"86":{"start":{"line":161,"column":10},"end":{"line":165,"column":11}},"87":{"start":{"line":162,"column":12},"end":{"line":162,"column":46}},"88":{"start":{"line":164,"column":12},"end":{"line":164,"column":49}},"89":{"start":{"line":166,"column":10},"end":{"line":166,"column":26}},"90":{"start":{"line":168,"column":8},"end":{"line":168,"column":23}},"91":{"start":{"line":175,"column":14},"end":{"line":175,"column":27}},"92":{"start":{"line":176,"column":4},"end":{"line":176,"column":28}},"93":{"start":{"line":176,"column":21},"end":{"line":176,"column":28}},"94":{"start":{"line":177,"column":4},"end":{"line":177,"column":60}},"95":{"start":{"line":177,"column":53},"end":{"line":177,"column":60}},"96":{"start":{"line":179,"column":19},"end":{"line":185,"column":60}},"97":{"start":{"line":180,"column":6},"end":{"line":184,"column":9}},"98":{"start":{"line":181,"column":8},"end":{"line":183,"column":9}},"99":{"start":{"line":182,"column":10},"end":{"line":182,"column":56}},"100":{"start":{"line":187,"column":4},"end":{"line":187,"column":57}},"101":{"start":{"line":187,"column":32},"end":{"line":187,"column":53}},"102":{"start":{"line":192,"column":4},"end":{"line":202,"column":7}},"103":{"start":{"line":193,"column":6},"end":{"line":201,"column":9}},"104":{"start":{"line":194,"column":19},"end":{"line":194,"column":46}},"105":{"start":{"line":195,"column":8},"end":{"line":195,"column":33}},"106":{"start":{"line":195,"column":26},"end":{"line":195,"column":33}},"107":{"start":{"line":196,"column":8},"end":{"line":196,"column":27}},"108":{"start":{"line":197,"column":21},"end":{"line":197,"column":28}},"109":{"start":{"line":198,"column":8},"end":{"line":200,"column":9}},"110":{"start":{"line":199,"column":10},"end":{"line":199,"column":72}},"111":{"start":{"line":207,"column":4},"end":{"line":217,"column":7}},"112":{"start":{"line":208,"column":16},"end":{"line":208,"column":51}},"113":{"start":{"line":209,"column":6},"end":{"line":209,"column":23}},"114":{"start":{"line":209,"column":16},"end":{"line":209,"column":23}},"115":{"start":{"line":210,"column":6},"end":{"line":216,"column":9}},"116":{"start":{"line":211,"column":21},"end":{"line":211,"column":52}},"117":{"start":{"line":213,"column":8},"end":{"line":213,"column":78}},"118":{"start":{"line":213,"column":47},"end":{"line":213,"column":74}},"119":{"start":{"line":215,"column":8},"end":{"line":215,"column":48}},"120":{"start":{"line":215,"column":21},"end":{"line":215,"column":48}},"121":{"start":{"line":222,"column":19},"end":{"line":222,"column":40}},"122":{"start":{"line":223,"column":20},"end":{"line":223,"column":36}},"123":{"start":{"line":224,"column":4},"end":{"line":224,"column":39}},"124":{"start":{"line":224,"column":32},"end":{"line":224,"column":39}},"125":{"start":{"line":226,"column":4},"end":{"line":229,"column":7}},"126":{"start":{"line":227,"column":21},"end":{"line":227,"column":57}},"127":{"start":{"line":228,"column":6},"end":{"line":228,"column":55}},"128":{"start":{"line":233,"column":24},"end":{"line":233,"column":72}},"129":{"start":{"line":235,"column":2},"end":{"line":254,"column":4}},"130":{"start":{"line":236,"column":16},"end":{"line":236,"column":26}},"131":{"start":{"line":237,"column":4},"end":{"line":237,"column":23}},"132":{"start":{"line":237,"column":16},"end":{"line":237,"column":23}},"133":{"start":{"line":238,"column":4},"end":{"line":238,"column":33}},"134":{"start":{"line":239,"column":4},"end":{"line":239,"column":44}},"135":{"start":{"line":241,"column":4},"end":{"line":246,"column":7}},"136":{"start":{"line":242,"column":6},"end":{"line":245,"column":7}},"137":{"start":{"line":243,"column":8},"end":{"line":243,"column":35}},"138":{"start":{"line":244,"column":8},"end":{"line":244,"column":58}},"139":{"start":{"line":248,"column":4},"end":{"line":253,"column":7}},"140":{"start":{"line":249,"column":6},"end":{"line":252,"column":7}},"141":{"start":{"line":250,"column":8},"end":{"line":250,"column":35}},"142":{"start":{"line":251,"column":8},"end":{"line":251,"column":58}},"143":{"start":{"line":256,"column":2},"end":{"line":263,"column":4}},"144":{"start":{"line":257,"column":16},"end":{"line":257,"column":26}},"145":{"start":{"line":258,"column":4},"end":{"line":258,"column":23}},"146":{"start":{"line":258,"column":16},"end":{"line":258,"column":23}},"147":{"start":{"line":259,"column":4},"end":{"line":259,"column":33}},"148":{"start":{"line":260,"column":4},"end":{"line":260,"column":38}},"149":{"start":{"line":261,"column":16},"end":{"line":261,"column":51}},"150":{"start":{"line":262,"column":4},"end":{"line":262,"column":45}},"151":{"start":{"line":262,"column":15},"end":{"line":262,"column":45}},"152":{"start":{"line":265,"column":2},"end":{"line":297,"column":4}},"153":{"start":{"line":266,"column":4},"end":{"line":266,"column":23}},"154":{"start":{"line":267,"column":18},"end":{"line":267,"column":75}},"155":{"start":{"line":268,"column":18},"end":{"line":268,"column":75}},"156":{"start":{"line":269,"column":18},"end":{"line":269,"column":75}},"157":{"start":{"line":270,"column":18},"end":{"line":270,"column":93}},"158":{"start":{"line":271,"column":18},"end":{"line":271,"column":75}},"159":{"start":{"line":272,"column":18},"end":{"line":272,"column":53}},"160":{"start":{"line":275,"column":4},"end":{"line":278,"column":5}},"161":{"start":{"line":276,"column":6},"end":{"line":276,"column":50}},"162":{"start":{"line":276,"column":17},"end":{"line":276,"column":50}},"163":{"start":{"line":277,"column":6},"end":{"line":277,"column":13}},"164":{"start":{"line":279,"column":4},"end":{"line":279,"column":45}},"165":{"start":{"line":279,"column":15},"end":{"line":279,"column":45}},"166":{"start":{"line":281,"column":22},"end":{"line":283,"column":5}},"167":{"start":{"line":284,"column":19},"end":{"line":293,"column":5}},"168":{"start":{"line":295,"column":4},"end":{"line":295,"column":87}},"169":{"start":{"line":296,"column":4},"end":{"line":296,"column":31}},"170":{"start":{"line":301,"column":4},"end":{"line":301,"column":21}},"171":{"start":{"line":302,"column":4},"end":{"line":302,"column":28}},"172":{"start":{"line":303,"column":4},"end":{"line":303,"column":23}},"173":{"start":{"line":304,"column":4},"end":{"line":304,"column":24}},"174":{"start":{"line":305,"column":4},"end":{"line":305,"column":14}},"175":{"start":{"line":306,"column":4},"end":{"line":306,"column":17}},"176":{"start":{"line":307,"column":4},"end":{"line":307,"column":23}},"177":{"start":{"line":308,"column":4},"end":{"line":308,"column":14}},"178":{"start":{"line":309,"column":4},"end":{"line":309,"column":21}},"179":{"start":{"line":314,"column":2},"end":{"line":318,"column":3}},"180":{"start":{"line":315,"column":4},"end":{"line":315,"column":11}},"181":{"start":{"line":317,"column":4},"end":{"line":317,"column":56}}},"fnMap":{"0":{"name":"(anonymous_0)","decl":{"start":{"line":6,"column":1},"end":{"line":6,"column":2}},"loc":{"start":{"line":6,"column":13},"end":{"line":320,"column":1}},"line":6},"1":{"name":"(anonymous_1)","decl":{"start":{"line":9,"column":10},"end":{"line":9,"column":11}},"loc":{"start":{"line":9,"column":30},"end":{"line":9,"column":78}},"line":9},"2":{"name":"(anonymous_2)","decl":{"start":{"line":10,"column":11},"end":{"line":10,"column":12}},"loc":{"start":{"line":10,"column":31},"end":{"line":10,"column":110}},"line":10},"3":{"name":"initLangToggle","decl":{"start":{"line":15,"column":11},"end":{"line":15,"column":25}},"loc":{"start":{"line":15,"column":28},"end":{"line":57,"column":3}},"line":15},"4":{"name":"setLang","decl":{"start":{"line":20,"column":13},"end":{"line":20,"column":20}},"loc":{"start":{"line":20,"column":27},"end":{"line":53,"column":5}},"line":20},"5":{"name":"(anonymous_5)","decl":{"start":{"line":28,"column":30},"end":{"line":28,"column":31}},"loc":{"start":{"line":28,"column":44},"end":{"line":44,"column":7}},"line":28},"6":{"name":"(anonymous_6)","decl":{"start":{"line":37,"column":26},"end":{"line":37,"column":27}},"loc":{"start":{"line":37,"column":42},"end":{"line":41,"column":13}},"line":37},"7":{"name":"(anonymous_7)","decl":{"start":{"line":47,"column":33},"end":{"line":47,"column":34}},"loc":{"start":{"line":47,"column":47},"end":{"line":49,"column":7}},"line":47},"8":{"name":"(anonymous_8)","decl":{"start":{"line":55,"column":36},"end":{"line":55,"column":37}},"loc":{"start":{"line":55,"column":48},"end":{"line":55,"column":66}},"line":55},"9":{"name":"(anonymous_9)","decl":{"start":{"line":56,"column":36},"end":{"line":56,"column":37}},"loc":{"start":{"line":56,"column":48},"end":{"line":56,"column":66}},"line":56},"10":{"name":"initIphoneScreenCycle","decl":{"start":{"line":60,"column":11},"end":{"line":60,"column":32}},"loc":{"start":{"line":60,"column":35},"end":{"line":79,"column":3}},"line":60},"11":{"name":"showScreen","decl":{"start":{"line":67,"column":13},"end":{"line":67,"column":23}},"loc":{"start":{"line":67,"column":29},"end":{"line":71,"column":5}},"line":67},"12":{"name":"(anonymous_12)","decl":{"start":{"line":68,"column":22},"end":{"line":68,"column":23}},"loc":{"start":{"line":68,"column":38},"end":{"line":70,"column":7}},"line":68},"13":{"name":"(anonymous_13)","decl":{"start":{"line":75,"column":16},"end":{"line":75,"column":17}},"loc":{"start":{"line":75,"column":28},"end":{"line":78,"column":5}},"line":75},"14":{"name":"initShowcaseTabs","decl":{"start":{"line":82,"column":11},"end":{"line":82,"column":27}},"loc":{"start":{"line":82,"column":30},"end":{"line":99,"column":3}},"line":82},"15":{"name":"(anonymous_15)","decl":{"start":{"line":87,"column":20},"end":{"line":87,"column":21}},"loc":{"start":{"line":87,"column":35},"end":{"line":98,"column":5}},"line":87},"16":{"name":"(anonymous_16)","decl":{"start":{"line":88,"column":36},"end":{"line":88,"column":37}},"loc":{"start":{"line":88,"column":48},"end":{"line":97,"column":7}},"line":88},"17":{"name":"(anonymous_17)","decl":{"start":{"line":91,"column":24},"end":{"line":91,"column":25}},"loc":{"start":{"line":91,"column":37},"end":{"line":91,"column":70}},"line":91},"18":{"name":"(anonymous_18)","decl":{"start":{"line":92,"column":26},"end":{"line":92,"column":27}},"loc":{"start":{"line":92,"column":39},"end":{"line":92,"column":72}},"line":92},"19":{"name":"initROICalculator","decl":{"start":{"line":102,"column":11},"end":{"line":102,"column":28}},"loc":{"start":{"line":102,"column":31},"end":{"line":150,"column":3}},"line":102},"20":{"name":"update","decl":{"start":{"line":112,"column":13},"end":{"line":112,"column":19}},"loc":{"start":{"line":112,"column":22},"end":{"line":145,"column":5}},"line":112},"21":{"name":"(anonymous_21)","decl":{"start":{"line":142,"column":17},"end":{"line":142,"column":18}},"loc":{"start":{"line":142,"column":29},"end":{"line":144,"column":7}},"line":142},"22":{"name":"initNav","decl":{"start":{"line":153,"column":11},"end":{"line":153,"column":18}},"loc":{"start":{"line":153,"column":21},"end":{"line":171,"column":3}},"line":153},"23":{"name":"(anonymous_23)","decl":{"start":{"line":158,"column":38},"end":{"line":158,"column":39}},"loc":{"start":{"line":158,"column":50},"end":{"line":170,"column":5}},"line":158},"24":{"name":"(anonymous_24)","decl":{"start":{"line":160,"column":30},"end":{"line":160,"column":31}},"loc":{"start":{"line":160,"column":42},"end":{"line":167,"column":9}},"line":160},"25":{"name":"initReveal","decl":{"start":{"line":174,"column":11},"end":{"line":174,"column":21}},"loc":{"start":{"line":174,"column":24},"end":{"line":188,"column":3}},"line":174},"26":{"name":"(anonymous_26)","decl":{"start":{"line":179,"column":44},"end":{"line":179,"column":45}},"loc":{"start":{"line":179,"column":63},"end":{"line":185,"column":5}},"line":179},"27":{"name":"(anonymous_27)","decl":{"start":{"line":180,"column":22},"end":{"line":180,"column":23}},"loc":{"start":{"line":180,"column":39},"end":{"line":184,"column":7}},"line":180},"28":{"name":"(anonymous_28)","decl":{"start":{"line":187,"column":16},"end":{"line":187,"column":17}},"loc":{"start":{"line":187,"column":30},"end":{"line":187,"column":55}},"line":187},"29":{"name":"initSmoothScroll","decl":{"start":{"line":191,"column":11},"end":{"line":191,"column":27}},"loc":{"start":{"line":191,"column":30},"end":{"line":203,"column":3}},"line":191},"30":{"name":"(anonymous_30)","decl":{"start":{"line":192,"column":31},"end":{"line":192,"column":32}},"loc":{"start":{"line":192,"column":49},"end":{"line":202,"column":5}},"line":192},"31":{"name":"(anonymous_31)","decl":{"start":{"line":193,"column":39},"end":{"line":193,"column":40}},"loc":{"start":{"line":193,"column":52},"end":{"line":201,"column":7}},"line":193},"32":{"name":"initFAQ","decl":{"start":{"line":206,"column":11},"end":{"line":206,"column":18}},"loc":{"start":{"line":206,"column":21},"end":{"line":218,"column":3}},"line":206},"33":{"name":"(anonymous_33)","decl":{"start":{"line":207,"column":28},"end":{"line":207,"column":29}},"loc":{"start":{"line":207,"column":44},"end":{"line":217,"column":5}},"line":207},"34":{"name":"(anonymous_34)","decl":{"start":{"line":210,"column":36},"end":{"line":210,"column":37}},"loc":{"start":{"line":210,"column":48},"end":{"line":216,"column":7}},"line":210},"35":{"name":"(anonymous_35)","decl":{"start":{"line":213,"column":32},"end":{"line":213,"column":33}},"loc":{"start":{"line":213,"column":45},"end":{"line":213,"column":76}},"line":213},"36":{"name":"initMobileMenu","decl":{"start":{"line":221,"column":11},"end":{"line":221,"column":25}},"loc":{"start":{"line":221,"column":28},"end":{"line":230,"column":3}},"line":221},"37":{"name":"(anonymous_37)","decl":{"start":{"line":226,"column":38},"end":{"line":226,"column":39}},"loc":{"start":{"line":226,"column":50},"end":{"line":229,"column":5}},"line":226},"38":{"name":"getModal","decl":{"start":{"line":233,"column":11},"end":{"line":233,"column":19}},"loc":{"start":{"line":233,"column":22},"end":{"line":233,"column":74}},"line":233},"39":{"name":"(anonymous_39)","decl":{"start":{"line":235,"column":28},"end":{"line":235,"column":29}},"loc":{"start":{"line":235,"column":40},"end":{"line":254,"column":3}},"line":235},"40":{"name":"backdropClose","decl":{"start":{"line":241,"column":45},"end":{"line":241,"column":58}},"loc":{"start":{"line":241,"column":62},"end":{"line":246,"column":5}},"line":241},"41":{"name":"escClose","decl":{"start":{"line":248,"column":50},"end":{"line":248,"column":58}},"loc":{"start":{"line":248,"column":62},"end":{"line":253,"column":5}},"line":248},"42":{"name":"(anonymous_42)","decl":{"start":{"line":256,"column":29},"end":{"line":256,"column":30}},"loc":{"start":{"line":256,"column":41},"end":{"line":263,"column":3}},"line":256},"43":{"name":"(anonymous_43)","decl":{"start":{"line":265,"column":29},"end":{"line":265,"column":30}},"loc":{"start":{"line":265,"column":42},"end":{"line":297,"column":3}},"line":265},"44":{"name":"init","decl":{"start":{"line":300,"column":11},"end":{"line":300,"column":15}},"loc":{"start":{"line":300,"column":18},"end":{"line":310,"column":3}},"line":300}},"branchMap":{"0":{"loc":{"start":{"line":9,"column":40},"end":{"line":9,"column":55}},"type":"binary-expr","locations":[{"start":{"line":9,"column":40},"end":{"line":9,"column":43}},{"start":{"line":9,"column":47},"end":{"line":9,"column":55}}],"line":9},"1":{"loc":{"start":{"line":10,"column":68},"end":{"line":10,"column":83}},"type":"binary-expr","locations":[{"start":{"line":10,"column":68},"end":{"line":10,"column":71}},{"start":{"line":10,"column":75},"end":{"line":10,"column":83}}],"line":10},"2":{"loc":{"start":{"line":18,"column":4},"end":{"line":18,"column":33}},"type":"if","locations":[{"start":{"line":18,"column":4},"end":{"line":18,"column":33}},{"start":{},"end":{}}],"line":18},"3":{"loc":{"start":{"line":18,"column":8},"end":{"line":18,"column":24}},"type":"binary-expr","locations":[{"start":{"line":18,"column":8},"end":{"line":18,"column":14}},{"start":{"line":18,"column":18},"end":{"line":18,"column":24}}],"line":18},"4":{"loc":{"start":{"line":29,"column":22},"end":{"line":29,"column":93}},"type":"cond-expr","locations":[{"start":{"line":29,"column":38},"end":{"line":29,"column":64}},{"start":{"line":29,"column":67},"end":{"line":29,"column":93}}],"line":29},"5":{"loc":{"start":{"line":30,"column":8},"end":{"line":43,"column":9}},"type":"if","locations":[{"start":{"line":30,"column":8},"end":{"line":43,"column":9}},{"start":{},"end":{}}],"line":30},"6":{"loc":{"start":{"line":32,"column":10},"end":{"line":42,"column":11}},"type":"if","locations":[{"start":{"line":32,"column":10},"end":{"line":42,"column":11}},{"start":{"line":34,"column":17},"end":{"line":42,"column":11}}],"line":32},"7":{"loc":{"start":{"line":38,"column":14},"end":{"line":40,"column":15}},"type":"if","locations":[{"start":{"line":38,"column":14},"end":{"line":40,"column":15}},{"start":{},"end":{}}],"line":38},"8":{"loc":{"start":{"line":38,"column":18},"end":{"line":38,"column":75}},"type":"binary-expr","locations":[{"start":{"line":38,"column":18},"end":{"line":38,"column":37}},{"start":{"line":38,"column":41},"end":{"line":38,"column":75}}],"line":38},"9":{"loc":{"start":{"line":48,"column":25},"end":{"line":48,"column":102}},"type":"cond-expr","locations":[{"start":{"line":48,"column":41},"end":{"line":48,"column":70}},{"start":{"line":48,"column":73},"end":{"line":48,"column":102}}],"line":48},"10":{"loc":{"start":{"line":62,"column":4},"end":{"line":62,"column":32}},"type":"if","locations":[{"start":{"line":62,"column":4},"end":{"line":62,"column":32}},{"start":{},"end":{}}],"line":62},"11":{"loc":{"start":{"line":85,"column":4},"end":{"line":85,"column":32}},"type":"if","locations":[{"start":{"line":85,"column":4},"end":{"line":85,"column":32}},{"start":{},"end":{}}],"line":85},"12":{"loc":{"start":{"line":96,"column":8},"end":{"line":96,"column":61}},"type":"if","locations":[{"start":{"line":96,"column":8},"end":{"line":96,"column":61}},{"start":{},"end":{}}],"line":96},"13":{"loc":{"start":{"line":110,"column":4},"end":{"line":110,"column":41}},"type":"if","locations":[{"start":{"line":110,"column":4},"end":{"line":110,"column":41}},{"start":{},"end":{}}],"line":110},"14":{"loc":{"start":{"line":110,"column":8},"end":{"line":110,"column":32}},"type":"binary-expr","locations":[{"start":{"line":110,"column":8},"end":{"line":110,"column":18}},{"start":{"line":110,"column":22},"end":{"line":110,"column":32}}],"line":110},"15":{"loc":{"start":{"line":131,"column":19},"end":{"line":134,"column":20}},"type":"cond-expr","locations":[{"start":{"line":131,"column":39},"end":{"line":131,"column":40}},{"start":{"line":132,"column":19},"end":{"line":134,"column":20}}],"line":131},"16":{"loc":{"start":{"line":132,"column":19},"end":{"line":134,"column":20}},"type":"cond-expr","locations":[{"start":{"line":132,"column":39},"end":{"line":132,"column":40}},{"start":{"line":133,"column":19},"end":{"line":134,"column":20}}],"line":132},"17":{"loc":{"start":{"line":133,"column":19},"end":{"line":134,"column":20}},"type":"cond-expr","locations":[{"start":{"line":133,"column":39},"end":{"line":133,"column":40}},{"start":{"line":134,"column":19},"end":{"line":134,"column":20}}],"line":133},"18":{"loc":{"start":{"line":155,"column":4},"end":{"line":155,"column":21}},"type":"if","locations":[{"start":{"line":155,"column":4},"end":{"line":155,"column":21}},{"start":{},"end":{}}],"line":155},"19":{"loc":{"start":{"line":159,"column":6},"end":{"line":169,"column":7}},"type":"if","locations":[{"start":{"line":159,"column":6},"end":{"line":169,"column":7}},{"start":{},"end":{}}],"line":159},"20":{"loc":{"start":{"line":161,"column":10},"end":{"line":165,"column":11}},"type":"if","locations":[{"start":{"line":161,"column":10},"end":{"line":165,"column":11}},{"start":{"line":163,"column":17},"end":{"line":165,"column":11}}],"line":161},"21":{"loc":{"start":{"line":176,"column":4},"end":{"line":176,"column":28}},"type":"if","locations":[{"start":{"line":176,"column":4},"end":{"line":176,"column":28}},{"start":{},"end":{}}],"line":176},"22":{"loc":{"start":{"line":177,"column":4},"end":{"line":177,"column":60}},"type":"if","locations":[{"start":{"line":177,"column":4},"end":{"line":177,"column":60}},{"start":{},"end":{}}],"line":177},"23":{"loc":{"start":{"line":181,"column":8},"end":{"line":183,"column":9}},"type":"if","locations":[{"start":{"line":181,"column":8},"end":{"line":183,"column":9}},{"start":{},"end":{}}],"line":181},"24":{"loc":{"start":{"line":195,"column":8},"end":{"line":195,"column":33}},"type":"if","locations":[{"start":{"line":195,"column":8},"end":{"line":195,"column":33}},{"start":{},"end":{}}],"line":195},"25":{"loc":{"start":{"line":198,"column":8},"end":{"line":200,"column":9}},"type":"if","locations":[{"start":{"line":198,"column":8},"end":{"line":200,"column":9}},{"start":{},"end":{}}],"line":198},"26":{"loc":{"start":{"line":209,"column":6},"end":{"line":209,"column":23}},"type":"if","locations":[{"start":{"line":209,"column":6},"end":{"line":209,"column":23}},{"start":{},"end":{}}],"line":209},"27":{"loc":{"start":{"line":215,"column":8},"end":{"line":215,"column":48}},"type":"if","locations":[{"start":{"line":215,"column":8},"end":{"line":215,"column":48}},{"start":{},"end":{}}],"line":215},"28":{"loc":{"start":{"line":224,"column":4},"end":{"line":224,"column":39}},"type":"if","locations":[{"start":{"line":224,"column":4},"end":{"line":224,"column":39}},{"start":{},"end":{}}],"line":224},"29":{"loc":{"start":{"line":224,"column":8},"end":{"line":224,"column":30}},"type":"binary-expr","locations":[{"start":{"line":224,"column":8},"end":{"line":224,"column":16}},{"start":{"line":224,"column":20},"end":{"line":224,"column":30}}],"line":224},"30":{"loc":{"start":{"line":237,"column":4},"end":{"line":237,"column":23}},"type":"if","locations":[{"start":{"line":237,"column":4},"end":{"line":237,"column":23}},{"start":{},"end":{}}],"line":237},"31":{"loc":{"start":{"line":242,"column":6},"end":{"line":245,"column":7}},"type":"if","locations":[{"start":{"line":242,"column":6},"end":{"line":245,"column":7}},{"start":{},"end":{}}],"line":242},"32":{"loc":{"start":{"line":249,"column":6},"end":{"line":252,"column":7}},"type":"if","locations":[{"start":{"line":249,"column":6},"end":{"line":252,"column":7}},{"start":{},"end":{}}],"line":249},"33":{"loc":{"start":{"line":258,"column":4},"end":{"line":258,"column":23}},"type":"if","locations":[{"start":{"line":258,"column":4},"end":{"line":258,"column":23}},{"start":{},"end":{}}],"line":258},"34":{"loc":{"start":{"line":262,"column":4},"end":{"line":262,"column":45}},"type":"if","locations":[{"start":{"line":262,"column":4},"end":{"line":262,"column":45}},{"start":{},"end":{}}],"line":262},"35":{"loc":{"start":{"line":267,"column":18},"end":{"line":267,"column":75}},"type":"binary-expr","locations":[{"start":{"line":267,"column":18},"end":{"line":267,"column":69}},{"start":{"line":267,"column":73},"end":{"line":267,"column":75}}],"line":267},"36":{"loc":{"start":{"line":267,"column":19},"end":{"line":267,"column":62}},"type":"binary-expr","locations":[{"start":{"line":267,"column":19},"end":{"line":267,"column":53}},{"start":{"line":267,"column":60},"end":{"line":267,"column":62}}],"line":267},"37":{"loc":{"start":{"line":268,"column":18},"end":{"line":268,"column":75}},"type":"binary-expr","locations":[{"start":{"line":268,"column":18},"end":{"line":268,"column":69}},{"start":{"line":268,"column":73},"end":{"line":268,"column":75}}],"line":268},"38":{"loc":{"start":{"line":268,"column":19},"end":{"line":268,"column":62}},"type":"binary-expr","locations":[{"start":{"line":268,"column":19},"end":{"line":268,"column":54}},{"start":{"line":268,"column":60},"end":{"line":268,"column":62}}],"line":268},"39":{"loc":{"start":{"line":269,"column":18},"end":{"line":269,"column":75}},"type":"binary-expr","locations":[{"start":{"line":269,"column":18},"end":{"line":269,"column":69}},{"start":{"line":269,"column":73},"end":{"line":269,"column":75}}],"line":269},"40":{"loc":{"start":{"line":269,"column":19},"end":{"line":269,"column":62}},"type":"binary-expr","locations":[{"start":{"line":269,"column":19},"end":{"line":269,"column":56}},{"start":{"line":269,"column":60},"end":{"line":269,"column":62}}],"line":269},"41":{"loc":{"start":{"line":270,"column":18},"end":{"line":270,"column":93}},"type":"binary-expr","locations":[{"start":{"line":270,"column":18},"end":{"line":270,"column":69}},{"start":{"line":270,"column":73},"end":{"line":270,"column":93}}],"line":270},"42":{"loc":{"start":{"line":270,"column":19},"end":{"line":270,"column":62}},"type":"binary-expr","locations":[{"start":{"line":270,"column":19},"end":{"line":270,"column":56}},{"start":{"line":270,"column":60},"end":{"line":270,"column":62}}],"line":270},"43":{"loc":{"start":{"line":271,"column":18},"end":{"line":271,"column":75}},"type":"binary-expr","locations":[{"start":{"line":271,"column":18},"end":{"line":271,"column":69}},{"start":{"line":271,"column":73},"end":{"line":271,"column":75}}],"line":271},"44":{"loc":{"start":{"line":271,"column":19},"end":{"line":271,"column":62}},"type":"binary-expr","locations":[{"start":{"line":271,"column":19},"end":{"line":271,"column":56}},{"start":{"line":271,"column":60},"end":{"line":271,"column":62}}],"line":271},"45":{"loc":{"start":{"line":275,"column":4},"end":{"line":278,"column":5}},"type":"if","locations":[{"start":{"line":275,"column":4},"end":{"line":278,"column":5}},{"start":{},"end":{}}],"line":275},"46":{"loc":{"start":{"line":275,"column":8},"end":{"line":275,"column":56}},"type":"binary-expr","locations":[{"start":{"line":275,"column":8},"end":{"line":275,"column":20}},{"start":{"line":275,"column":24},"end":{"line":275,"column":37}},{"start":{"line":275,"column":41},"end":{"line":275,"column":56}}],"line":275},"47":{"loc":{"start":{"line":276,"column":6},"end":{"line":276,"column":50}},"type":"if","locations":[{"start":{"line":276,"column":6},"end":{"line":276,"column":50}},{"start":{},"end":{}}],"line":276},"48":{"loc":{"start":{"line":279,"column":4},"end":{"line":279,"column":45}},"type":"if","locations":[{"start":{"line":279,"column":4},"end":{"line":279,"column":45}},{"start":{},"end":{}}],"line":279},"49":{"loc":{"start":{"line":282,"column":31},"end":{"line":282,"column":80}},"type":"cond-expr","locations":[{"start":{"line":282,"column":48},"end":{"line":282,"column":75}},{"start":{"line":282,"column":78},"end":{"line":282,"column":80}}],"line":282},"50":{"loc":{"start":{"line":289,"column":7},"end":{"line":289,"column":69}},"type":"cond-expr","locations":[{"start":{"line":289,"column":24},"end":{"line":289,"column":64}},{"start":{"line":289,"column":67},"end":{"line":289,"column":69}}],"line":289},"51":{"loc":{"start":{"line":314,"column":2},"end":{"line":318,"column":3}},"type":"if","locations":[{"start":{"line":314,"column":2},"end":{"line":318,"column":3}},{"start":{"line":316,"column":9},"end":{"line":318,"column":3}}],"line":314}},"s":{"0":65,"1":65,"2":721,"3":65,"4":416,"5":65,"6":65,"7":65,"8":65,"9":1,"10":11,"11":11,"12":11,"13":11,"14":12,"15":12,"16":12,"17":11,"18":1,"19":1,"20":2,"21":1,"22":11,"23":11,"24":11,"25":64,"26":3,"27":64,"28":8,"29":65,"30":65,"31":1,"32":64,"33":64,"34":68,"35":204,"36":64,"37":64,"38":4,"39":4,"40":65,"41":65,"42":65,"43":1,"44":64,"45":129,"46":4,"47":4,"48":9,"49":4,"50":8,"51":4,"52":4,"53":4,"54":3,"55":65,"56":65,"57":65,"58":65,"59":65,"60":65,"61":65,"62":1,"63":73,"64":73,"65":73,"66":73,"67":73,"68":73,"69":73,"70":73,"71":73,"72":73,"73":73,"74":73,"75":2,"76":64,"77":64,"78":64,"79":65,"80":65,"81":1,"82":64,"83":64,"84":57,"85":29,"86":29,"87":28,"88":1,"89":29,"90":29,"91":65,"92":65,"93":1,"94":64,"95":62,"96":2,"97":2,"98":2,"99":1,"100":2,"101":4,"102":65,"103":129,"104":3,"105":3,"106":1,"107":2,"108":2,"109":2,"110":1,"111":65,"112":128,"113":128,"114":0,"115":128,"116":4,"117":4,"118":8,"119":4,"120":3,"121":65,"122":65,"123":65,"124":1,"125":64,"126":9,"127":9,"128":23,"129":65,"130":8,"131":8,"132":1,"133":7,"134":7,"135":7,"136":1,"137":1,"138":1,"139":7,"140":6,"141":6,"142":6,"143":65,"144":15,"145":15,"146":1,"147":14,"148":14,"149":14,"150":14,"151":14,"152":65,"153":5,"154":5,"155":5,"156":5,"157":5,"158":5,"159":5,"160":5,"161":1,"162":1,"163":1,"164":4,"165":4,"166":4,"167":4,"168":4,"169":4,"170":65,"171":65,"172":65,"173":65,"174":65,"175":65,"176":65,"177":65,"178":65,"179":65,"180":64,"181":1},"f":{"0":65,"1":721,"2":416,"3":65,"4":11,"5":12,"6":2,"7":11,"8":3,"9":8,"10":65,"11":68,"12":204,"13":4,"14":65,"15":129,"16":4,"17":9,"18":8,"19":65,"20":73,"21":2,"22":65,"23":57,"24":29,"25":65,"26":2,"27":2,"28":4,"29":65,"30":129,"31":3,"32":65,"33":128,"34":4,"35":8,"36":65,"37":9,"38":23,"39":8,"40":1,"41":6,"42":15,"43":5,"44":65},"b":{"0":[721,721],"1":[416,416],"2":[1,64],"3":[65,64],"4":[3,9],"5":[12,0],"6":[11,1],"7":[1,1],"8":[2,1],"9":[3,8],"10":[1,64],"11":[1,64],"12":[3,1],"13":[1,64],"14":[65,64],"15":[4,69],"16":[66,3],"17":[1,2],"18":[1,64],"19":[29,28],"20":[28,1],"21":[1,64],"22":[62,2],"23":[1,1],"24":[1,2],"25":[1,1],"26":[0,128],"27":[3,1],"28":[1,64],"29":[65,64],"30":[1,7],"31":[1,0],"32":[6,0],"33":[1,14],"34":[14,0],"35":[5,1],"36":[5,0],"37":[5,1],"38":[5,0],"39":[5,4],"40":[5,1],"41":[5,0],"42":[5,0],"43":[5,1],"44":[5,0],"45":[1,4],"46":[5,4,4],"47":[1,0],"48":[4,0],"49":[1,3],"50":[1,3],"51":[64,1]},"_coverageSchema":"1a1c01bbd47fc00a2c39e90264f33305004495a9","hash":"09e65b0768730dbd0f6ea9b652d72715045115be"}
}
