TN:
SF:script.js
FN:6,(anonymous_0)
FN:9,(anonymous_1)
FN:10,(anonymous_2)
FN:15,initLangToggle
FN:20,setLang
FN:28,(anonymous_5)
FN:37,(anonymous_6)
FN:47,(anonymous_7)
FN:55,(anonymous_8)
FN:56,(anonymous_9)
FN:60,initIphoneScreenCycle
FN:67,showScreen
FN:68,(anonymous_12)
FN:75,(anonymous_13)
FN:82,initShowcaseTabs
FN:87,(anonymous_15)
FN:88,(anonymous_16)
FN:91,(anonymous_17)
FN:92,(anonymous_18)
FN:102,initROICalculator
FN:112,update
FN:142,(anonymous_21)
FN:153,initNav
FN:158,(anonymous_23)
FN:160,(anonymous_24)
FN:174,initReveal
FN:179,(anonymous_26)
FN:180,(anonymous_27)
FN:187,(anonymous_28)
FN:191,initSmoothScroll
FN:192,(anonymous_30)
FN:193,(anonymous_31)
FN:206,initFAQ
FN:207,(anonymous_33)
FN:210,(anonymous_34)
FN:213,(anonymous_35)
FN:221,initMobileMenu
FN:226,(anonymous_37)
FN:233,getModal
FN:235,(anonymous_39)
FN:241,backdropClose
FN:248,escClose
FN:256,(anonymous_42)
FN:265,(anonymous_43)
FN:300,init
FNF:45
FNH:45
FNDA:65,(anonymous_0)
FNDA:721,(anonymous_1)
FNDA:416,(anonymous_2)
FNDA:65,initLangToggle
FNDA:11,setLang
FNDA:12,(anonymous_5)
FNDA:2,(anonymous_6)
FNDA:11,(anonymous_7)
FNDA:3,(anonymous_8)
FNDA:8,(anonymous_9)
FNDA:65,initIphoneScreenCycle
FNDA:68,showScreen
FNDA:204,(anonymous_12)
FNDA:4,(anonymous_13)
FNDA:65,initShowcaseTabs
FNDA:129,(anonymous_15)
FNDA:4,(anonymous_16)
FNDA:9,(anonymous_17)
FNDA:8,(anonymous_18)
FNDA:65,initROICalculator
FNDA:73,update
FNDA:2,(anonymous_21)
FNDA:65,initNav
FNDA:57,(anonymous_23)
FNDA:29,(anonymous_24)
FNDA:65,initReveal
FNDA:2,(anonymous_26)
FNDA:2,(anonymous_27)
FNDA:4,(anonymous_28)
FNDA:65,initSmoothScroll
FNDA:129,(anonymous_30)
FNDA:3,(anonymous_31)
FNDA:65,initFAQ
FNDA:128,(anonymous_33)
FNDA:4,(anonymous_34)
FNDA:8,(anonymous_35)
FNDA:65,initMobileMenu
FNDA:9,(anonymous_37)
FNDA:23,getModal
FNDA:8,(anonymous_39)
FNDA:1,backdropClose
FNDA:6,escClose
FNDA:15,(anonymous_42)
FNDA:5,(anonymous_43)
FNDA:65,init
DA:6,65
DA:9,721
DA:10,416
DA:13,65
DA:16,65
DA:17,65
DA:18,65
DA:21,11
DA:24,11
DA:25,11
DA:28,11
DA:29,12
DA:30,12
DA:32,12
DA:33,11
DA:36,1
DA:37,1
DA:38,2
DA:39,1
DA:47,11
DA:48,11
DA:52,11
DA:55,64
DA:56,64
DA:61,65
DA:62,65
DA:64,64
DA:65,64
DA:68,68
DA:69,204
DA:73,64
DA:75,64
DA:76,4
DA:77,4
DA:83,65
DA:84,65
DA:85,65
DA:87,64
DA:88,129
DA:89,4
DA:91,9
DA:92,8
DA:94,4
DA:95,4
DA:96,4
DA:103,65
DA:104,65
DA:105,65
DA:106,65
DA:107,65
DA:108,65
DA:110,65
DA:113,73
DA:114,73
DA:116,73
DA:117,73
DA:124,73
DA:125,73
DA:131,73
DA:136,73
DA:137,73
DA:140,73
DA:141,73
DA:142,73
DA:143,2
DA:147,64
DA:148,64
DA:149,64
DA:154,65
DA:155,65
DA:157,64
DA:158,64
DA:159,57
DA:160,29
DA:161,29
DA:162,28
DA:164,1
DA:166,29
DA:168,29
DA:175,65
DA:176,65
DA:177,64
DA:179,2
DA:180,2
DA:181,2
DA:182,1
DA:187,4
DA:192,65
DA:193,129
DA:194,3
DA:195,3
DA:196,2
DA:197,2
DA:198,2
DA:199,1
DA:207,65
DA:208,128
DA:209,128
DA:210,128
DA:211,4
DA:213,8
DA:215,4
DA:222,65
DA:223,65
DA:224,65
DA:226,64
DA:227,9
DA:228,9
DA:233,23
DA:235,65
DA:236,8
DA:237,8
DA:238,7
DA:239,7
DA:241,7
DA:242,1
DA:243,1
DA:244,1
DA:248,7
DA:249,6
DA:250,6
DA:251,6
DA:256,65
DA:257,15
DA:258,15
DA:259,14
DA:260,14
DA:261,14
DA:262,14
DA:265,65
DA:266,5
DA:267,5
DA:268,5
DA:269,5
DA:270,5
DA:271,5
DA:272,5
DA:275,5
DA:276,1
DA:277,1
DA:279,4
DA:281,4
DA:284,4
DA:295,4
DA:296,4
DA:301,65
DA:302,65
DA:303,65
DA:304,65
DA:305,65
DA:306,65
DA:307,65
DA:308,65
DA:309,65
DA:314,65
DA:315,64
DA:317,1
LF:157
LH:157
BRDA:9,0,0,721
BRDA:9,0,1,721
BRDA:10,1,0,416
BRDA:10,1,1,416
BRDA:18,2,0,1
BRDA:18,2,1,64
BRDA:18,3,0,65
BRDA:18,3,1,64
BRDA:29,4,0,3
BRDA:29,4,1,9
BRDA:30,5,0,12
BRDA:30,5,1,0
BRDA:32,6,0,11
BRDA:32,6,1,1
BRDA:38,7,0,1
BRDA:38,7,1,1
BRDA:38,8,0,2
BRDA:38,8,1,1
BRDA:48,9,0,3
BRDA:48,9,1,8
BRDA:62,10,0,1
BRDA:62,10,1,64
BRDA:85,11,0,1
BRDA:85,11,1,64
BRDA:96,12,0,3
BRDA:96,12,1,1
BRDA:110,13,0,1
BRDA:110,13,1,64
BRDA:110,14,0,65
BRDA:110,14,1,64
BRDA:131,15,0,4
BRDA:131,15,1,69
BRDA:132,16,0,66
BRDA:132,16,1,3
BRDA:133,17,0,1
BRDA:133,17,1,2
BRDA:155,18,0,1
BRDA:155,18,1,64
BRDA:159,19,0,29
BRDA:159,19,1,28
BRDA:161,20,0,28
BRDA:161,20,1,1
BRDA:176,21,0,1
BRDA:176,21,1,64
BRDA:177,22,0,62
BRDA:177,22,1,2
BRDA:181,23,0,1
BRDA:181,23,1,1
BRDA:195,24,0,1
BRDA:195,24,1,2
BRDA:198,25,0,1
BRDA:198,25,1,1
BRDA:209,26,0,0
BRDA:209,26,1,128
BRDA:215,27,0,3
BRDA:215,27,1,1
BRDA:224,28,0,1
BRDA:224,28,1,64
BRDA:224,29,0,65
BRDA:224,29,1,64
BRDA:237,30,0,1
BRDA:237,30,1,7
BRDA:242,31,0,1
BRDA:242,31,1,0
BRDA:249,32,0,6
BRDA:249,32,1,0
BRDA:258,33,0,1
BRDA:258,33,1,14
BRDA:262,34,0,14
BRDA:262,34,1,0
BRDA:267,35,0,5
BRDA:267,35,1,1
BRDA:267,36,0,5
BRDA:267,36,1,0
BRDA:268,37,0,5
BRDA:268,37,1,1
BRDA:268,38,0,5
BRDA:268,38,1,0
BRDA:269,39,0,5
BRDA:269,39,1,4
BRDA:269,40,0,5
BRDA:269,40,1,1
BRDA:270,41,0,5
BRDA:270,41,1,0
BRDA:270,42,0,5
BRDA:270,42,1,0
BRDA:271,43,0,5
BRDA:271,43,1,1
BRDA:271,44,0,5
BRDA:271,44,1,0
BRDA:275,45,0,1
BRDA:275,45,1,4
BRDA:275,46,0,5
BRDA:275,46,1,4
BRDA:275,46,2,4
BRDA:276,47,0,1
BRDA:276,47,1,0
BRDA:279,48,0,4
BRDA:279,48,1,0
BRDA:282,49,0,1
BRDA:282,49,1,3
BRDA:289,50,0,1
BRDA:289,50,1,3
BRDA:314,51,0,64
BRDA:314,51,1,1
BRF:105
BRH:93
end_of_record
